data/build/intermediates/manifest_merge_blame_file/debug/manifest-merger-blame-debug-report.txt
1<?xml version="1.0" encoding="utf-8"?>
2<manifest xmlns:android="http://schemas.android.com/apk/res/android"
3    package="tech.carlosktx.freegames.data" >
4
5    <uses-sdk
6        android:minSdkVersion="24"
7        android:targetSdkVersion="24" />
8
9    <permission
9-->[androidx.core:core:1.11.0-alpha01] AndroidManifest.xml:22:5-24:47
10        android:name="tech.carlosktx.freegames.data.DYNAMIC_RECEIVER_NOT_EXPORTED_PERMISSION"
10-->[androidx.core:core:1.11.0-alpha01] AndroidManifest.xml:23:9-81
11        android:protectionLevel="signature" />
11-->[androidx.core:core:1.11.0-alpha01] AndroidManifest.xml:24:9-44
12
13    <uses-permission android:name="tech.carlosktx.freegames.data.DYNAMIC_RECEIVER_NOT_EXPORTED_PERMISSION" />
13-->[androidx.core:core:1.11.0-alpha01] AndroidManifest.xml:26:5-97
13-->[androidx.core:core:1.11.0-alpha01] AndroidManifest.xml:26:22-94
14
15    <application
16        android:appComponentFactory="androidx.core.app.CoreComponentFactory"
16-->[androidx.core:core:1.11.0-alpha01] AndroidManifest.xml:28:18-86
17        android:debuggable="true"
18        android:extractNativeLibs="false" >
19        <service
19-->[androidx.room:room-runtime:2.5.0] AndroidManifest.xml:24:9-28:63
20            android:name="androidx.room.MultiInstanceInvalidationService"
20-->[androidx.room:room-runtime:2.5.0] AndroidManifest.xml:25:13-74
21            android:directBootAware="true"
21-->[androidx.room:room-runtime:2.5.0] AndroidManifest.xml:26:13-43
22            android:exported="false" />
22-->[androidx.room:room-runtime:2.5.0] AndroidManifest.xml:27:13-37
23
24        <activity
24-->[androidx.compose.ui:ui-tooling:1.5.0-alpha01] AndroidManifest.xml:23:9-25:39
25            android:name="androidx.compose.ui.tooling.PreviewActivity"
25-->[androidx.compose.ui:ui-tooling:1.5.0-alpha01] AndroidManifest.xml:24:13-71
26            android:exported="true" />
26-->[androidx.compose.ui:ui-tooling:1.5.0-alpha01] AndroidManifest.xml:25:13-36
27
28        <provider
28-->[androidx.emoji2:emoji2:1.4.0-alpha01] AndroidManifest.xml:24:9-32:20
29            android:name="androidx.startup.InitializationProvider"
29-->[androidx.emoji2:emoji2:1.4.0-alpha01] AndroidManifest.xml:25:13-67
30            android:authorities="tech.carlosktx.freegames.data.androidx-startup"
30-->[androidx.emoji2:emoji2:1.4.0-alpha01] AndroidManifest.xml:26:13-68
31            android:exported="false" >
31-->[androidx.emoji2:emoji2:1.4.0-alpha01] AndroidManifest.xml:27:13-37
32            <meta-data
32-->[androidx.emoji2:emoji2:1.4.0-alpha01] AndroidManifest.xml:29:13-31:52
33                android:name="androidx.emoji2.text.EmojiCompatInitializer"
33-->[androidx.emoji2:emoji2:1.4.0-alpha01] AndroidManifest.xml:30:17-75
34                android:value="androidx.startup" />
34-->[androidx.emoji2:emoji2:1.4.0-alpha01] AndroidManifest.xml:31:17-49
35            <meta-data
35-->[androidx.lifecycle:lifecycle-process:2.6.1] AndroidManifest.xml:29:13-31:52
36                android:name="androidx.lifecycle.ProcessLifecycleInitializer"
36-->[androidx.lifecycle:lifecycle-process:2.6.1] AndroidManifest.xml:30:17-78
37                android:value="androidx.startup" />
37-->[androidx.lifecycle:lifecycle-process:2.6.1] AndroidManifest.xml:31:17-49
38            <meta-data
38-->[androidx.profileinstaller:profileinstaller:1.3.1] AndroidManifest.xml:29:13-31:52
39                android:name="androidx.profileinstaller.ProfileInstallerInitializer"
39-->[androidx.profileinstaller:profileinstaller:1.3.1] AndroidManifest.xml:30:17-85
40                android:value="androidx.startup" />
40-->[androidx.profileinstaller:profileinstaller:1.3.1] AndroidManifest.xml:31:17-49
41        </provider>
42
43        <activity
43-->[androidx.compose.ui:ui-test-manifest:1.5.0-alpha01] AndroidManifest.xml:23:9-25:39
44            android:name="androidx.activity.ComponentActivity"
44-->[androidx.compose.ui:ui-test-manifest:1.5.0-alpha01] AndroidManifest.xml:24:13-63
45            android:exported="true" />
45-->[androidx.compose.ui:ui-test-manifest:1.5.0-alpha01] AndroidManifest.xml:25:13-36
46
47        <receiver
47-->[androidx.profileinstaller:profileinstaller:1.3.1] AndroidManifest.xml:34:9-52:20
48            android:name="androidx.profileinstaller.ProfileInstallReceiver"
48-->[androidx.profileinstaller:profileinstaller:1.3.1] AndroidManifest.xml:35:13-76
49            android:directBootAware="false"
49-->[androidx.profileinstaller:profileinstaller:1.3.1] AndroidManifest.xml:36:13-44
50            android:enabled="true"
50-->[androidx.profileinstaller:profileinstaller:1.3.1] AndroidManifest.xml:37:13-35
51            android:exported="true"
51-->[androidx.profileinstaller:profileinstaller:1.3.1] AndroidManifest.xml:38:13-36
52            android:permission="android.permission.DUMP" >
52-->[androidx.profileinstaller:profileinstaller:1.3.1] AndroidManifest.xml:39:13-57
53            <intent-filter>
53-->[androidx.profileinstaller:profileinstaller:1.3.1] AndroidManifest.xml:40:13-42:29
54                <action android:name="androidx.profileinstaller.action.INSTALL_PROFILE" />
54-->[androidx.profileinstaller:profileinstaller:1.3.1] AndroidManifest.xml:41:17-91
54-->[androidx.profileinstaller:profileinstaller:1.3.1] AndroidManifest.xml:41:25-88
55            </intent-filter>
56            <intent-filter>
56-->[androidx.profileinstaller:profileinstaller:1.3.1] AndroidManifest.xml:43:13-45:29
57                <action android:name="androidx.profileinstaller.action.SKIP_FILE" />
57-->[androidx.profileinstaller:profileinstaller:1.3.1] AndroidManifest.xml:44:17-85
57-->[androidx.profileinstaller:profileinstaller:1.3.1] AndroidManifest.xml:44:25-82
58            </intent-filter>
59            <intent-filter>
59-->[androidx.profileinstaller:profileinstaller:1.3.1] AndroidManifest.xml:46:13-48:29
60                <action android:name="androidx.profileinstaller.action.SAVE_PROFILE" />
60-->[androidx.profileinstaller:profileinstaller:1.3.1] AndroidManifest.xml:47:17-88
60-->[androidx.profileinstaller:profileinstaller:1.3.1] AndroidManifest.xml:47:25-85
61            </intent-filter>
62            <intent-filter>
62-->[androidx.profileinstaller:profileinstaller:1.3.1] AndroidManifest.xml:49:13-51:29
63                <action android:name="androidx.profileinstaller.action.BENCHMARK_OPERATION" />
63-->[androidx.profileinstaller:profileinstaller:1.3.1] AndroidManifest.xml:50:17-95
63-->[androidx.profileinstaller:profileinstaller:1.3.1] AndroidManifest.xml:50:25-92
64            </intent-filter>
65        </receiver>
66    </application>
67
68</manifest>